<?xml version="1.0" encoding="UTF-8"?>
<testsuite name="pipelines.jobfinder.JobFinderPipelineTest" tests="1" skipped="0" failures="0" errors="0" timestamp="2017-05-15T23:07:04" hostname="jeremy-desktop" time="0.008">
  <properties/>
  <testcase name="identifyInternships" classname="pipelines.jobfinder.JobFinderPipelineTest" time="0.008"/>
  <system-out><![CDATA[]]></system-out>
  <system-err><![CDATA[]]></system-err>
</testsuite>
