<?xml version="1.0" encoding="UTF-8"?>
<testsuite name="pipelines.jobscraper.JobScraperPipelineTest" tests="2" skipped="0" failures="0" errors="0" timestamp="2017-05-15T23:07:04" hostname="jeremy-desktop" time="0.003">
  <properties/>
  <testcase name="scrapeCompany_oneJob" classname="pipelines.jobscraper.JobScraperPipelineTest" time="0.001"/>
  <testcase name="fieldPatternTest" classname="pipelines.jobscraper.JobScraperPipelineTest" time="0.001"/>
  <system-out><![CDATA[]]></system-out>
  <system-err><![CDATA[]]></system-err>
</testsuite>
